<?xml version="1.0" encoding="UTF-8"?>
<testng-results total="1" passed="1" failed="0" skipped="0">
  <reporter-output>
  </reporter-output>
  <suite started-at="2023-03-03T04:31:53Z" name="Default suite" finished-at="2023-03-03T04:32:04Z" duration-ms="11090">
    <groups>
    </groups>
    <test started-at="2023-03-03T04:31:53Z" name="Default test" finished-at="2023-03-03T04:32:04Z" duration-ms="11090">
      <class name="FirstClassExtent">
        <test-method is-config="true" signature="config()[pri:0, instance:FirstClassExtent@71e9ebae]" started-at="2023-03-03T10:01:53Z" name="config" finished-at="2023-03-03T10:01:54Z" duration-ms="684" status="PASS">
          <reporter-output>
          </reporter-output>
        </test-method> <!-- config -->
        <test-method signature="getExtent()[pri:0, instance:FirstClassExtent@71e9ebae]" started-at="2023-03-03T10:01:54Z" name="getExtent" finished-at="2023-03-03T10:02:04Z" duration-ms="10387" status="PASS">
          <reporter-output>
          </reporter-output>
        </test-method> <!-- getExtent -->
      </class> <!-- FirstClassExtent -->
    </test> <!-- Default test -->
  </suite> <!-- Default suite -->
</testng-results>
